<!DOCTYPE html>
<html lang="en">
<head>
    <meta charset="UTF-8">
    <meta name="viewport" content="width=device-width, initial-scale=1">
    <title>blog</title>
        
    <link rel="stylesheet" type="text/css" href="../static/css/main.css">
</head>
<body>
<div class="navbar navbar-line">
    <div class="container">
        <div class="logo">
            
                blog
            
        </div>
        <input type="checkbox" id="idoc_nav" />
        <div class="menu_tree">
        <ul><li><a href="../index.html">index</a></li><li><a href="../index.html">IB</a></li><li><a href="../index.html">git</a></li><li><a href="../index.html">nodestart</a></li><li><a href="../index.html">webstorm</a></li><li><a href="../index.html">nodebasic</a></li><li><a href="../index.html">global</a></li><li><a href="../index.html">module</a></li><li><a href="../index.html">buffer</a></li><li><a href="../index.html">file</a></li><li><a href="../index.html">event</a></li><li><a href="../index.html">stream</a></li><li><a href="../index.html">http</a></li><li><a href="../index.html">ajax</a></li><li><a href="../index.html">jsonp</a></li><li><a href="../index.html">cross</a></li><li><a href="../index.html">http2</a></li></ul>    
        </div>
        
        

        <section class="idoc_nav_btn">
            <label for="idoc_nav"><span></span></label>
        </section>
    </div>
    
</div>




<div class="container">

    <div class="page-toc">
        <ul></ul>
    </div>
    
    <div class="content markdown-body">
        <p>[0614/224909:ERROR:process_info.cc(608)] range at 0xff3ff000, size 0x230 fully unreadable
[0614/224909:ERROR:process_info.cc(608)] range at 0xff3fe000, size 0xf84 fully unreadable
[0614/230003:ERROR:process_info.cc(608)] range at 0xff02f000, size 0x230 fully unreadable
[0614/230003:ERROR:process_info.cc(608)] range at 0xff02c000, size 0xf84 fully unreadable
[0615/203011:ERROR:process_info.cc(330)] VirtualQueryEx: &#xFFFD;&#x73E;&#xFFFD;&#xFFFD;&#xFFFD;&#xFFFD;&#x2A1;&#xFFFD; (0x5)
[0615/203011:ERROR:process_info.cc(547)] ReadMemoryInfo failed
[0615/203011:ERROR:process_info.cc(608)] range at 0xff635000, size 0x230 fully unreadable
[0615/203011:ERROR:process_reader_win.cc(232)] ReadMemory at 0xff635000 of 560 bytes failed: &#xFFFD;&#xFFFD;&#xFFFD;&#xFFFD;&#xFFFD;&#x272;&#xFFFD;&#xFFFD;&#x5B5;&#xFFFD; ReadProcessMemory &#xFFFD;&#xFFFD; WriteProcessMemory &#xFFFD;&#xFFFD;&#xFFFD;&#xFFFD;&#xFFFD;&#xFFFD; (0x12B)
[0615/203011:ERROR:process_snapshot_win.cc(342)] ReadMemory PEB
[0615/203011:ERROR:process_reader_win.cc(232)] ReadMemory at 0x830000 of 64 bytes failed: &#xFFFD;&#xFFFD;&#xFFFD;&#xFFFD;&#xFFFD;&#x272;&#xFFFD;&#xFFFD;&#x5B5;&#xFFFD; ReadProcessMemory &#xFFFD;&#xFFFD; WriteProcessMemory &#xFFFD;&#xFFFD;&#xFFFD;&#xFFFD;&#xFFFD;&#xFFFD; (0x12B)
[0615/203011:WARNING:pe_image_reader.cc(280)] could not read dos header from C:\Program Files (x86)\Google\Chrome\Application\chrome.exe
[0615/203011:ERROR:process_reader_win.cc(232)] ReadMemory at 0x775e0000 of 64 bytes failed: &#xFFFD;&#xFFFD;&#xFFFD;&#xFFFD;&#xFFFD;&#x272;&#xFFFD;&#xFFFD;&#x5B5;&#xFFFD; ReadProcessMemory &#xFFFD;&#xFFFD; WriteProcessMemory &#xFFFD;&#xFFFD;&#xFFFD;&#xFFFD;&#xFFFD;&#xFFFD; (0x12B)
[0615/203011:WARNING:pe_image_reader.cc(280)] could not read dos header from C:\Windows\SYSTEM32\ntdll.dll
[0615/203011:ERROR:process_reader_win.cc(232)] ReadMemory at 0x77360000 of 64 bytes failed: &#xFFFD;&#xFFFD;&#xFFFD;&#xFFFD;&#xFFFD;&#x272;&#xFFFD;&#xFFFD;&#x5B5;&#xFFFD; ReadProcessMemory &#xFFFD;&#xFFFD; WriteProcessMemory &#xFFFD;&#xFFFD;&#xFFFD;&#xFFFD;&#xFFFD;&#xFFFD; (0x12B)
[0615/203011:WARNING:pe_image_reader.cc(280)] could not read dos header from C:\Windows\SYSTEM32\KERNELBASE.dll
[0615/203011:ERROR:process_reader_win.cc(232)] ReadMemory at 0x77020000 of 64 bytes failed: &#xFFFD;&#xFFFD;&#xFFFD;&#xFFFD;&#xFFFD;&#x272;&#xFFFD;&#xFFFD;&#x5B5;&#xFFFD; ReadProcessMemory &#xFFFD;&#xFFFD; WriteProcessMemory &#xFFFD;&#xFFFD;&#xFFFD;&#xFFFD;&#xFFFD;&#xFFFD; (0x12B)
[0615/203011:WARNING:pe_image_reader.cc(280)] could not read dos header from C:\Windows\SYSTEM32\KERNEL32.DLL
[0615/203011:ERROR:process_reader_win.cc(232)] ReadMemory at 0x77440000 of 64 bytes failed: &#xFFFD;&#xFFFD;&#xFFFD;&#xFFFD;&#xFFFD;&#x272;&#xFFFD;&#xFFFD;&#x5B5;&#xFFFD; ReadProcessMemory &#xFFFD;&#xFFFD; WriteProcessMemory &#xFFFD;&#xFFFD;&#xFFFD;&#xFFFD;&#xFFFD;&#xFFFD; (0x12B)
[0615/203011:WARNING:pe_image_reader.cc(280)] could not read dos header from C:\Windows\SYSTEM32\msvcrt.dll
[0615/203011:ERROR:process_reader_win.cc(232)] ReadMemory at 0x74d60000 of 64 bytes failed: &#xFFFD;&#xFFFD;&#xFFFD;&#xFFFD;&#xFFFD;&#x272;&#xFFFD;&#xFFFD;&#x5B5;&#xFFFD; ReadProcessMemory &#xFFFD;&#xFFFD; WriteProcessMemory &#xFFFD;&#xFFFD;&#xFFFD;&#xFFFD;&#xFFFD;&#xFFFD; (0x12B)
[0615/203011:WARNING:pe_image_reader.cc(280)] could not read dos header from C:\Windows\SYSTEM32\bcryptPrimitives.dll
[0615/203011:ERROR:process_reader_win.cc(232)] ReadMemory at 0x74dc0000 of 64 bytes failed: &#xFFFD;&#xFFFD;&#xFFFD;&#xFFFD;&#xFFFD;&#x272;&#xFFFD;&#xFFFD;&#x5B5;&#xFFFD; ReadProcessMemory &#xFFFD;&#xFFFD; WriteProcessMemory &#xFFFD;&#xFFFD;&#xFFFD;&#xFFFD;&#xFFFD;&#xFFFD; (0x12B)
[0615/203011:WARNING:pe_image_reader.cc(280)] could not read dos header from C:\Windows\SYSTEM32\CRYPTBASE.dll
[0615/203011:ERROR:process_reader_win.cc(232)] ReadMemory at 0x760c0000 of 64 bytes failed: &#xFFFD;&#xFFFD;&#xFFFD;&#xFFFD;&#xFFFD;&#x272;&#xFFFD;&#xFFFD;&#x5B5;&#xFFFD; ReadProcessMemory &#xFFFD;&#xFFFD; WriteProcessMemory &#xFFFD;&#xFFFD;&#xFFFD;&#xFFFD;&#xFFFD;&#xFFFD; (0x12B)
[0615/203011:WARNING:pe_image_reader.cc(280)] could not read dos header from C:\Windows\SYSTEM32\SspiCli.dll
[0615/203011:ERROR:process_reader_win.cc(232)] ReadMemory at 0x76250000 of 64 bytes failed: &#xFFFD;&#xFFFD;&#xFFFD;&#xFFFD;&#xFFFD;&#x272;&#xFFFD;&#xFFFD;&#x5B5;&#xFFFD; ReadProcessMemory &#xFFFD;&#xFFFD; WriteProcessMemory &#xFFFD;&#xFFFD;&#xFFFD;&#xFFFD;&#xFFFD;&#xFFFD; (0x12B)
[0615/203011:WARNING:pe_image_reader.cc(280)] could not read dos header from C:\Windows\SYSTEM32\RPCRT4.dll
[0615/203011:ERROR:process_reader_win.cc(232)] ReadMemory at 0x76ae0000 of 64 bytes failed: &#xFFFD;&#xFFFD;&#xFFFD;&#xFFFD;&#xFFFD;&#x272;&#xFFFD;&#xFFFD;&#x5B5;&#xFFFD; ReadProcessMemory &#xFFFD;&#xFFFD; WriteProcessMemory &#xFFFD;&#xFFFD;&#xFFFD;&#xFFFD;&#xFFFD;&#xFFFD; (0x12B)
[0615/203011:WARNING:pe_image_reader.cc(280)] could not read dos header from C:\Windows\SYSTEM32\sechost.dll
[0615/203011:ERROR:process_reader_win.cc(232)] ReadMemory at 0x76b40000 of 64 bytes failed: &#xFFFD;&#xFFFD;&#xFFFD;&#xFFFD;&#xFFFD;&#x272;&#xFFFD;&#xFFFD;&#x5B5;&#xFFFD; ReadProcessMemory &#xFFFD;&#xFFFD; WriteProcessMemory &#xFFFD;&#xFFFD;&#xFFFD;&#xFFFD;&#xFFFD;&#xFFFD; (0x12B)
[0615/203011:WARNING:pe_image_reader.cc(280)] could not read dos header from C:\Windows\SYSTEM32\ADVAPI32.dll
[0615/203011:ERROR:process_reader_win.cc(232)] ReadMemory at 0x69830000 of 64 bytes failed: &#xFFFD;&#xFFFD;&#xFFFD;&#xFFFD;&#xFFFD;&#x272;&#xFFFD;&#xFFFD;&#x5B5;&#xFFFD; ReadProcessMemory &#xFFFD;&#xFFFD; WriteProcessMemory &#xFFFD;&#xFFFD;&#xFFFD;&#xFFFD;&#xFFFD;&#xFFFD; (0x12B)
[0615/203011:WARNING:pe_image_reader.cc(280)] could not read dos header from C:\Program Files (x86)\Google\Chrome\Application\50.0.2661.94\chrome_elf.dll
[0615/203011:ERROR:process_reader_win.cc(232)] ReadMemory at 0x74d50000 of 64 bytes failed: &#xFFFD;&#xFFFD;&#xFFFD;&#xFFFD;&#xFFFD;&#x272;&#xFFFD;&#xFFFD;&#x5B5;&#xFFFD; ReadProcessMemory &#xFFFD;&#xFFFD; WriteProcessMemory &#xFFFD;&#xFFFD;&#xFFFD;&#xFFFD;&#xFFFD;&#xFFFD; (0x12B)
[0615/203011:WARNING:pe_image_reader.cc(280)] could not read dos header from C:\Windows\SYSTEM32\VERSION.dll
[0615/203011:ERROR:process_reader_win.cc(232)] ReadMemory at 0x76610000 of 64 bytes failed: &#xFFFD;&#xFFFD;&#xFFFD;&#xFFFD;&#xFFFD;&#x272;&#xFFFD;&#xFFFD;&#x5B5;&#xFFFD; ReadProcessMemory &#xFFFD;&#xFFFD; WriteProcessMemory &#xFFFD;&#xFFFD;&#xFFFD;&#xFFFD;&#xFFFD;&#xFFFD; (0x12B)
[0615/203011:WARNING:pe_image_reader.cc(280)] could not read dos header from C:\Windows\SYSTEM32\cfgmgr32.dll
[0615/203011:ERROR:process_reader_win.cc(232)] ReadMemory at 0x747d0000 of 64 bytes failed: &#xFFFD;&#xFFFD;&#xFFFD;&#xFFFD;&#xFFFD;&#x272;&#xFFFD;&#xFFFD;&#x5B5;&#xFFFD; ReadProcessMemory &#xFFFD;&#xFFFD; WriteProcessMemory &#xFFFD;&#xFFFD;&#xFFFD;&#xFFFD;&#xFFFD;&#xFFFD; (0x12B)
[0615/203011:WARNING:pe_image_reader.cc(280)] could not read dos header from C:\Windows\SYSTEM32\DEVOBJ.dll
[0615/203011:ERROR:process_reader_win.cc(232)] ReadMemory at 0x74800000 of 64 bytes failed: &#xFFFD;&#xFFFD;&#xFFFD;&#xFFFD;&#xFFFD;&#x272;&#xFFFD;&#xFFFD;&#x5B5;&#xFFFD; ReadProcessMemory &#xFFFD;&#xFFFD; WriteProcessMemory &#xFFFD;&#xFFFD;&#xFFFD;&#xFFFD;&#xFFFD;&#xFFFD; (0x12B)
[0615/203011:WARNING:pe_image_reader.cc(280)] could not read dos header from C:\Windows\SYSTEM32\WINMMBASE.dll
[0615/203011:ERROR:process_reader_win.cc(232)] ReadMemory at 0x76f00000 of 64 bytes failed: &#xFFFD;&#xFFFD;&#xFFFD;&#xFFFD;&#xFFFD;&#x272;&#xFFFD;&#xFFFD;&#x5B5;&#xFFFD; ReadProcessMemory &#xFFFD;&#xFFFD; WriteProcessMemory &#xFFFD;&#xFFFD;&#xFFFD;&#xFFFD;&#xFFFD;&#xFFFD; (0x12B)
[0615/203011:WARNING:pe_image_reader.cc(280)] could not read dos header from C:\Windows\SYSTEM32\GDI32.dll
[0615/203011:ERROR:process_reader_win.cc(232)] ReadMemory at 0x771a0000 of 64 bytes failed: &#xFFFD;&#xFFFD;&#xFFFD;&#xFFFD;&#xFFFD;&#x272;&#xFFFD;&#xFFFD;&#x5B5;&#xFFFD; ReadProcessMemory &#xFFFD;&#xFFFD; WriteProcessMemory &#xFFFD;&#xFFFD;&#xFFFD;&#xFFFD;&#xFFFD;&#xFFFD; (0x12B)
[0615/203011:WARNING:pe_image_reader.cc(280)] could not read dos header from C:\Windows\SYSTEM32\USER32.dll
[0615/203011:ERROR:process_reader_win.cc(232)] ReadMemory at 0x76360000 of 64 bytes failed: &#xFFFD;&#xFFFD;&#xFFFD;&#xFFFD;&#xFFFD;&#x272;&#xFFFD;&#xFFFD;&#x5B5;&#xFFFD; ReadProcessMemory &#xFFFD;&#xFFFD; WriteProcessMemory &#xFFFD;&#xFFFD;&#xFFFD;&#xFFFD;&#xFFFD;&#xFFFD; (0x12B)
[0615/203011:WARNING:pe_image_reader.cc(280)] could not read dos header from C:\Windows\SYSTEM32\MSCTF.dll
[0615/203011:ERROR:process_reader_win.cc(232)] ReadMemory at 0x76090000 of 64 bytes failed: &#xFFFD;&#xFFFD;&#xFFFD;&#xFFFD;&#xFFFD;&#x272;&#xFFFD;&#xFFFD;&#x5B5;&#xFFFD; ReadProcessMemory &#xFFFD;&#xFFFD; WriteProcessMemory &#xFFFD;&#xFFFD;&#xFFFD;&#xFFFD;&#xFFFD;&#xFFFD; (0x12B)
[0615/203011:WARNING:pe_image_reader.cc(280)] could not read dos header from C:\Windows\system32\IMM32.DLL
[0615/203011:ERROR:process_reader_win.cc(232)] ReadMemory at 0x74830000 of 64 bytes failed: &#xFFFD;&#xFFFD;&#xFFFD;&#xFFFD;&#xFFFD;&#x272;&#xFFFD;&#xFFFD;&#x5B5;&#xFFFD; ReadProcessMemory &#xFFFD;&#xFFFD; WriteProcessMemory &#xFFFD;&#xFFFD;&#xFFFD;&#xFFFD;&#xFFFD;&#xFFFD; (0x12B)
[0615/203011:WARNING:pe_image_reader.cc(280)] could not read dos header from C:\Windows\SYSTEM32\WINMM.dll
[0615/203011:ERROR:process_reader_win.cc(232)] ReadMemory at 0x74d10000 of 64 bytes failed: &#xFFFD;&#xFFFD;&#xFFFD;&#xFFFD;&#xFFFD;&#x272;&#xFFFD;&#xFFFD;&#x5B5;&#xFFFD; ReadProcessMemory &#xFFFD;&#xFFFD; WriteProcessMemory &#xFFFD;&#xFFFD;&#xFFFD;&#xFFFD;&#xFFFD;&#xFFFD; (0x12B)
[0615/203011:WARNING:pe_image_reader.cc(280)] could not read dos header from C:\Windows\SYSTEM32\profapi.dll
[0615/203011:ERROR:process_reader_win.cc(232)] ReadMemory at 0x74d20000 of 64 bytes failed: &#xFFFD;&#xFFFD;&#xFFFD;&#xFFFD;&#xFFFD;&#x272;&#xFFFD;&#xFFFD;&#x5B5;&#xFFFD; ReadProcessMemory &#xFFFD;&#xFFFD; WriteProcessMemory &#xFFFD;&#xFFFD;&#xFFFD;&#xFFFD;&#xFFFD;&#xFFFD; (0x12B)
[0615/203011:WARNING:pe_image_reader.cc(280)] could not read dos header from C:\Windows\SYSTEM32\USERENV.dll
[0615/203011:ERROR:process_reader_win.cc(232)] ReadMemory at 0x74d40000 of 64 bytes failed: &#xFFFD;&#xFFFD;&#xFFFD;&#xFFFD;&#xFFFD;&#x272;&#xFFFD;&#xFFFD;&#x5B5;&#xFFFD; ReadProcessMemory &#xFFFD;&#xFFFD; WriteProcessMemory &#xFFFD;&#xFFFD;&#xFFFD;&#xFFFD;&#xFFFD;&#xFFFD; (0x12B)
[0615/203011:WARNING:pe_image_reader.cc(280)] could not read dos header from C:\Windows\SYSTEM32\WTSAPI32.dll
[0615/203011:ERROR:process_reader_win.cc(232)] ReadMemory at 0x76960000 of 64 bytes failed: &#xFFFD;&#xFFFD;&#xFFFD;&#xFFFD;&#xFFFD;&#x272;&#xFFFD;&#xFFFD;&#x5B5;&#xFFFD; ReadProcessMemory &#xFFFD;&#xFFFD; WriteProcessMemory &#xFFFD;&#xFFFD;&#xFFFD;&#xFFFD;&#xFFFD;&#xFFFD; (0x12B)
[0615/203011:WARNING:pe_image_reader.cc(280)] could not read dos header from C:\Windows\SYSTEM32\combase.dll
[0615/203011:ERROR:process_reader_win.cc(232)] ReadMemory at 0x72ce0000 of 64 bytes failed: &#xFFFD;&#xFFFD;&#xFFFD;&#xFFFD;&#xFFFD;&#x272;&#xFFFD;&#xFFFD;&#x5B5;&#xFFFD; ReadProcessMemory &#xFFFD;&#xFFFD; WriteProcessMemory &#xFFFD;&#xFFFD;&#xFFFD;&#xFFFD;&#xFFFD;&#xFFFD; (0x12B)
[0615/203011:WARNING:pe_image_reader.cc(280)] could not read dos header from C:\Windows\SYSTEM32\WINHTTP.dll
[0615/203011:ERROR:process_reader_win.cc(232)] ReadMemory at 0x76310000 of 64 bytes failed: &#xFFFD;&#xFFFD;&#xFFFD;&#xFFFD;&#xFFFD;&#x272;&#xFFFD;&#xFFFD;&#x5B5;&#xFFFD; ReadProcessMemory &#xFFFD;&#xFFFD; WriteProcessMemory &#xFFFD;&#xFFFD;&#xFFFD;&#xFFFD;&#xFFFD;&#xFFFD; (0x12B)
[0615/203011:WARNING:pe_image_reader.cc(280)] could not read dos header from C:\Windows\SYSTEM32\SHLWAPI.dll
[0615/203011:ERROR:process_reader_win.cc(232)] ReadMemory at 0x74dd0000 of 64 bytes failed: &#xFFFD;&#xFFFD;&#xFFFD;&#xFFFD;&#xFFFD;&#x272;&#xFFFD;&#xFFFD;&#x5B5;&#xFFFD; ReadProcessMemory &#xFFFD;&#xFFFD; WriteProcessMemory &#xFFFD;&#xFFFD;&#xFFFD;&#xFFFD;&#xFFFD;&#xFFFD; (0x12B)
[0615/203011:WARNING:pe_image_reader.cc(280)] could not read dos header from C:\Windows\SYSTEM32\SHELL32.dll
[0615/203011:ERROR:process_reader_win.cc(232)] ReadMemory at 0x76650000 of 64 bytes failed: &#xFFFD;&#xFFFD;&#xFFFD;&#xFFFD;&#xFFFD;&#x272;&#xFFFD;&#xFFFD;&#x5B5;&#xFFFD; ReadProcessMemory &#xFFFD;&#xFFFD; WriteProcessMemory &#xFFFD;&#xFFFD;&#xFFFD;&#xFFFD;&#xFFFD;&#xFFFD; (0x12B)
[0615/203011:WARNING:pe_image_reader.cc(280)] could not read dos header from C:\Windows\SYSTEM32\ole32.dll
[0615/203011:ERROR:process_reader_win.cc(232)] ReadMemory at 0x76bc0000 of 64 bytes failed: &#xFFFD;&#xFFFD;&#xFFFD;&#xFFFD;&#xFFFD;&#x272;&#xFFFD;&#xFFFD;&#x5B5;&#xFFFD; ReadProcessMemory &#xFFFD;&#xFFFD; WriteProcessMemory &#xFFFD;&#xFFFD;&#xFFFD;&#xFFFD;&#xFFFD;&#xFFFD; (0x12B)
[0615/203011:WARNING:pe_image_reader.cc(280)] could not read dos header from C:\Windows\SYSTEM32\OLEAUT32.dll
[0615/203011:ERROR:process_reader_win.cc(232)] ReadMemory at 0x76130000 of 64 bytes failed: &#xFFFD;&#xFFFD;&#xFFFD;&#xFFFD;&#xFFFD;&#x272;&#xFFFD;&#xFFFD;&#x5B5;&#xFFFD; ReadProcessMemory &#xFFFD;&#xFFFD; WriteProcessMemory &#xFFFD;&#xFFFD;&#xFFFD;&#xFFFD;&#xFFFD;&#xFFFD; (0x12B)
[0615/203011:WARNING:pe_image_reader.cc(280)] could not read dos header from C:\Windows\SYSTEM32\PSAPI.DLL
[0615/203011:ERROR:process_reader_win.cc(232)] ReadMemory at 0x76140000 of 64 bytes failed: &#xFFFD;&#xFFFD;&#xFFFD;&#xFFFD;&#xFFFD;&#x272;&#xFFFD;&#xFFFD;&#x5B5;&#xFFFD; ReadProcessMemory &#xFFFD;&#xFFFD; WriteProcessMemory &#xFFFD;&#xFFFD;&#xFFFD;&#xFFFD;&#xFFFD;&#xFFFD; (0x12B)
[0615/203011:WARNING:pe_image_reader.cc(280)] could not read dos header from C:\Windows\SYSTEM32\NSI.dll
[0615/203011:ERROR:process_reader_win.cc(232)] ReadMemory at 0x760e0000 of 64 bytes failed: &#xFFFD;&#xFFFD;&#xFFFD;&#xFFFD;&#xFFFD;&#x272;&#xFFFD;&#xFFFD;&#x5B5;&#xFFFD; ReadProcessMemory &#xFFFD;&#xFFFD; WriteProcessMemory &#xFFFD;&#xFFFD;&#xFFFD;&#xFFFD;&#xFFFD;&#xFFFD; (0x12B)
[0615/203011:WARNING:pe_image_reader.cc(280)] could not read dos header from C:\Windows\SYSTEM32\WS2_32.dll
[0615/203011:ERROR:process_reader_win.cc(232)] ReadMemory at 0x74bf0000 of 64 bytes failed: &#xFFFD;&#xFFFD;&#xFFFD;&#xFFFD;&#xFFFD;&#x272;&#xFFFD;&#xFFFD;&#x5B5;&#xFFFD; ReadProcessMemory &#xFFFD;&#xFFFD; WriteProcessMemory &#xFFFD;&#xFFFD;&#xFFFD;&#xFFFD;&#xFFFD;&#xFFFD; (0x12B)
[0615/203011:WARNING:pe_image_reader.cc(280)] could not read dos header from C:\Windows\SYSTEM32\netutils.dll
[0615/203011:ERROR:process_reader_win.cc(232)] ReadMemory at 0x74bd0000 of 64 bytes failed: &#xFFFD;&#xFFFD;&#xFFFD;&#xFFFD;&#xFFFD;&#x272;&#xFFFD;&#xFFFD;&#x5B5;&#xFFFD; ReadProcessMemory &#xFFFD;&#xFFFD; WriteProcessMemory &#xFFFD;&#xFFFD;&#xFFFD;&#xFFFD;&#xFFFD;&#xFFFD; (0x12B)
[0615/203011:WARNING:pe_image_reader.cc(280)] could not read dos header from C:\Windows\SYSTEM32\srvcli.dll
[0615/203011:ERROR:process_reader_win.cc(232)] ReadMemory at 0x74bb0000 of 64 bytes failed: &#xFFFD;&#xFFFD;&#xFFFD;&#xFFFD;&#xFFFD;&#x272;&#xFFFD;&#xFFFD;&#x5B5;&#xFFFD; ReadProcessMemory &#xFFFD;&#xFFFD; WriteProcessMemory &#xFFFD;&#xFFFD;&#xFFFD;&#xFFFD;&#xFFFD;&#xFFFD; (0x12B)
[0615/203011:WARNING:pe_image_reader.cc(280)] could not read dos header from C:\Windows\SYSTEM32\wkscli.dll
[0615/203011:ERROR:process_reader_win.cc(232)] ReadMemory at 0x74c00000 of 64 bytes failed: &#xFFFD;&#xFFFD;&#xFFFD;&#xFFFD;&#xFFFD;&#x272;&#xFFFD;&#xFFFD;&#x5B5;&#xFFFD; ReadProcessMemory &#xFFFD;&#xFFFD; WriteProcessMemory &#xFFFD;&#xFFFD;&#xFFFD;&#xFFFD;&#xFFFD;&#xFFFD; (0x12B)
[0615/203011:WARNING:pe_image_reader.cc(280)] could not read dos header from C:\Windows\SYSTEM32\NETAPI32.dll
[0615/203011:ERROR:process_reader_win.cc(232)] ReadMemory at 0x70360000 of 64 bytes failed: &#xFFFD;&#xFFFD;&#xFFFD;&#xFFFD;&#xFFFD;&#x272;&#xFFFD;&#xFFFD;&#x5B5;&#xFFFD; ReadProcessMemory &#xFFFD;&#xFFFD; WriteProcessMemory &#xFFFD;&#xFFFD;&#xFFFD;&#xFFFD;&#xFFFD;&#xFFFD; (0x12B)
[0615/203011:WARNING:pe_image_reader.cc(280)] could not read dos header from C:\Program Files (x86)\360\360Safe\safemon\safemon.dll
[0615/203011:ERROR:process_reader_win.cc(232)] ReadMemory at 0x74b20000 of 64 bytes failed: &#xFFFD;&#xFFFD;&#xFFFD;&#xFFFD;&#xFFFD;&#x272;&#xFFFD;&#xFFFD;&#x5B5;&#xFFFD; ReadProcessMemory &#xFFFD;&#xFFFD; WriteProcessMemory &#xFFFD;&#xFFFD;&#xFFFD;&#xFFFD;&#xFFFD;&#xFFFD; (0x12B)
[0615/203011:WARNING:pe_image_reader.cc(280)] could not read dos header from C:\Windows\SYSTEM32\shcore.dll
[0615/203011:ERROR:process_reader_win.cc(232)] ReadMemory at 0x6a330000 of 64 bytes failed: &#xFFFD;&#xFFFD;&#xFFFD;&#xFFFD;&#xFFFD;&#x272;&#xFFFD;&#xFFFD;&#x5B5;&#xFFFD; ReadProcessMemory &#xFFFD;&#xFFFD; WriteProcessMemory &#xFFFD;&#xFFFD;&#xFFFD;&#xFFFD;&#xFFFD;&#xFFFD; (0x12B)
[0615/203011:WARNING:pe_image_reader.cc(280)] could not read dos header from C:\Program Files (x86)\360\360Safe\safemon\iNetSafe.dll
[0615/203011:ERROR:process_reader_win.cc(232)] ReadMemory at 0x6b760000 of 64 bytes failed: &#xFFFD;&#xFFFD;&#xFFFD;&#xFFFD;&#xFFFD;&#x272;&#xFFFD;&#xFFFD;&#x5B5;&#xFFFD; ReadProcessMemory &#xFFFD;&#xFFFD; WriteProcessMemory &#xFFFD;&#xFFFD;&#xFFFD;&#xFFFD;&#xFFFD;&#xFFFD; (0x12B)
[0615/203011:WARNING:pe_image_reader.cc(280)] could not read dos header from C:\Windows\SYSTEM32\OLEACC.dll
[0615/203011:ERROR:process_reader_win.cc(232)] ReadMemory at 0x10000000 of 64 bytes failed: &#xFFFD;&#xFFFD;&#xFFFD;&#xFFFD;&#xFFFD;&#x272;&#xFFFD;&#xFFFD;&#x5B5;&#xFFFD; ReadProcessMemory &#xFFFD;&#xFFFD; WriteProcessMemory &#xFFFD;&#xFFFD;&#xFFFD;&#xFFFD;&#xFFFD;&#xFFFD; (0x12B)
[0615/203011:WARNING:pe_image_reader.cc(280)] could not read dos header from d:\kinggsoft\kdu_bba\sp5\ks3rdhmpg.dll
[0615/203011:ERROR:process_reader_win.cc(232)] ReadMemory at 0x6ccd0000 of 64 bytes failed: &#xFFFD;&#xFFFD;&#xFFFD;&#xFFFD;&#xFFFD;&#x272;&#xFFFD;&#xFFFD;&#x5B5;&#xFFFD; ReadProcessMemory &#xFFFD;&#xFFFD; WriteProcessMemory &#xFFFD;&#xFFFD;&#xFFFD;&#xFFFD;&#xFFFD;&#xFFFD; (0x12B)
[0615/203011:WARNING:pe_image_reader.cc(280)] could not read dos header from C:\Program Files (x86)\360\360Safe\360verify.dll
[0615/203011:ERROR:process_reader_win.cc(232)] ReadMemory at 0x72c70000 of 64 bytes failed: &#xFFFD;&#xFFFD;&#xFFFD;&#xFFFD;&#xFFFD;&#x272;&#xFFFD;&#xFFFD;&#x5B5;&#xFFFD; ReadProcessMemory &#xFFFD;&#xFFFD; WriteProcessMemory &#xFFFD;&#xFFFD;&#xFFFD;&#xFFFD;&#xFFFD;&#xFFFD; (0x12B)
[0615/203011:WARNING:pe_image_reader.cc(280)] could not read dos header from C:\Windows\SYSTEM32\WINSPOOL.DRV
[0615/203011:ERROR:process_reader_win.cc(232)] ReadMemory at 0x72a60000 of 64 bytes failed: &#xFFFD;&#xFFFD;&#xFFFD;&#xFFFD;&#xFFFD;&#x272;&#xFFFD;&#xFFFD;&#x5B5;&#xFFFD; ReadProcessMemory &#xFFFD;&#xFFFD; WriteProcessMemory &#xFFFD;&#xFFFD;&#xFFFD;&#xFFFD;&#xFFFD;&#xFFFD; (0x12B)
[0615/203011:WARNING:pe_image_reader.cc(280)] could not read dos header from C:\Windows\WinSxS\x86_microsoft.windows.common-controls_6595b64144ccf1df_6.0.9600.18006_none_a9ec6aab013aafee\COMCTL32.dll
[0615/203011:ERROR:process_reader_win.cc(232)] ReadMemory at 0x761b0000 of 64 bytes failed: &#xFFFD;&#xFFFD;&#xFFFD;&#xFFFD;&#xFFFD;&#x272;&#xFFFD;&#xFFFD;&#x5B5;&#xFFFD; ReadProcessMemory &#xFFFD;&#xFFFD; WriteProcessMemory &#xFFFD;&#xFFFD;&#xFFFD;&#xFFFD;&#xFFFD;&#xFFFD; (0x12B)
[0615/203011:WARNING:pe_image_reader.cc(280)] could not read dos header from C:\Windows\SYSTEM32\COMDLG32.dll
[0615/203011:ERROR:process_reader_win.cc(232)] ReadMemory at 0x74a50000 of 64 bytes failed: &#xFFFD;&#xFFFD;&#xFFFD;&#xFFFD;&#xFFFD;&#x272;&#xFFFD;&#xFFFD;&#x5B5;&#xFFFD; ReadProcessMemory &#xFFFD;&#xFFFD; WriteProcessMemory &#xFFFD;&#xFFFD;&#xFFFD;&#xFFFD;&#xFFFD;&#xFFFD; (0x12B)
[0615/203011:WARNING:pe_image_reader.cc(280)] could not read dos header from C:\Windows\SYSTEM32\WINNSI.DLL
[0615/203011:ERROR:process_reader_win.cc(232)] ReadMemory at 0x74a60000 of 64 bytes failed: &#xFFFD;&#xFFFD;&#xFFFD;&#xFFFD;&#xFFFD;&#x272;&#xFFFD;&#xFFFD;&#x5B5;&#xFFFD; ReadProcessMemory &#xFFFD;&#xFFFD; WriteProcessMemory &#xFFFD;&#xFFFD;&#xFFFD;&#xFFFD;&#xFFFD;&#xFFFD; (0x12B)
[0615/203011:WARNING:pe_image_reader.cc(280)] could not read dos header from C:\Windows\SYSTEM32\IPHLPAPI.DLL
[0615/203011:ERROR:process_reader_win.cc(232)] ReadMemory at 0x6e020000 of 64 bytes failed: &#xFFFD;&#xFFFD;&#xFFFD;&#xFFFD;&#xFFFD;&#x272;&#xFFFD;&#xFFFD;&#x5B5;&#xFFFD; ReadProcessMemory &#xFFFD;&#xFFFD; WriteProcessMemory &#xFFFD;&#xFFFD;&#xFFFD;&#xFFFD;&#xFFFD;&#xFFFD; (0x12B)
[0615/203011:WARNING:pe_image_reader.cc(280)] could not read dos header from C:\Windows\SYSTEM32\USP10.dll
[0615/203011:ERROR:process_reader_win.cc(232)] ReadMemory at 0x76b30000 of 64 bytes failed: &#xFFFD;&#xFFFD;&#xFFFD;&#xFFFD;&#xFFFD;&#x272;&#xFFFD;&#xFFFD;&#x5B5;&#xFFFD; ReadProcessMemory &#xFFFD;&#xFFFD; WriteProcessMemory &#xFFFD;&#xFFFD;&#xFFFD;&#xFFFD;&#xFFFD;&#xFFFD; (0x12B)
[0615/203011:WARNING:pe_image_reader.cc(280)] could not read dos header from C:\Windows\SYSTEM32\MSASN1.dll
[0615/203011:ERROR:process_reader_win.cc(232)] ReadMemory at 0x76480000 of 64 bytes failed: &#xFFFD;&#xFFFD;&#xFFFD;&#xFFFD;&#xFFFD;&#x272;&#xFFFD;&#xFFFD;&#x5B5;&#xFFFD; ReadProcessMemory &#xFFFD;&#xFFFD; WriteProcessMemory &#xFFFD;&#xFFFD;&#xFFFD;&#xFFFD;&#xFFFD;&#xFFFD; (0x12B)
[0615/203011:WARNING:pe_image_reader.cc(280)] could not read dos header from C:\Windows\SYSTEM32\CRYPT32.dll
[0615/203011:ERROR:process_reader_win.cc(232)] ReadMemory at 0x77160000 of 64 bytes failed: &#xFFFD;&#xFFFD;&#xFFFD;&#xFFFD;&#xFFFD;&#x272;&#xFFFD;&#xFFFD;&#x5B5;&#xFFFD; ReadProcessMemory &#xFFFD;&#xFFFD; WriteProcessMemory &#xFFFD;&#xFFFD;&#xFFFD;&#xFFFD;&#xFFFD;&#xFFFD; (0x12B)
[0615/203011:WARNING:pe_image_reader.cc(280)] could not read dos header from C:\Windows\SYSTEM32\WINTRUST.dll
[0615/203011:ERROR:process_reader_win.cc(232)] ReadMemory at 0x74780000 of 64 bytes failed: &#xFFFD;&#xFFFD;&#xFFFD;&#xFFFD;&#xFFFD;&#x272;&#xFFFD;&#xFFFD;&#x5B5;&#xFFFD; ReadProcessMemory &#xFFFD;&#xFFFD; WriteProcessMemory &#xFFFD;&#xFFFD;&#xFFFD;&#xFFFD;&#xFFFD;&#xFFFD; (0x12B)
[0615/203011:WARNING:pe_image_reader.cc(280)] could not read dos header from C:\Windows\SYSTEM32\Secur32.dll
[0615/203011:ERROR:process_reader_win.cc(232)] ReadMemory at 0x51970000 of 64 bytes failed: &#xFFFD;&#xFFFD;&#xFFFD;&#xFFFD;&#xFFFD;&#x272;&#xFFFD;&#xFFFD;&#x5B5;&#xFFFD; ReadProcessMemory &#xFFFD;&#xFFFD; WriteProcessMemory &#xFFFD;&#xFFFD;&#xFFFD;&#xFFFD;&#xFFFD;&#xFFFD; (0x12B)
[0615/203011:WARNING:pe_image_reader.cc(280)] could not read dos header from C:\Program Files (x86)\Google\Chrome\Application\50.0.2661.94\chrome_child.dll
[0615/203011:ERROR:process_reader_win.cc(232)] ReadMemory at 0x6a370000 of 64 bytes failed: &#xFFFD;&#xFFFD;&#xFFFD;&#xFFFD;&#xFFFD;&#x272;&#xFFFD;&#xFFFD;&#x5B5;&#xFFFD; ReadProcessMemory &#xFFFD;&#xFFFD; WriteProcessMemory &#xFFFD;&#xFFFD;&#xFFFD;&#xFFFD;&#xFFFD;&#xFFFD; (0x12B)
[0615/203011:WARNING:pe_image_reader.cc(280)] could not read dos header from C:\Windows\SYSTEM32\dwrite.dll
[0615/203011:ERROR:process_reader_win.cc(232)] ReadMemory at 0x776e1860 of 5888 bytes failed: &#xFFFD;&#xFFFD;&#xFFFD;&#xFFFD;&#xFFFD;&#x272;&#xFFFD;&#xFFFD;&#x5B5;&#xFFFD; ReadProcessMemory &#xFFFD;&#xFFFD; WriteProcessMemory &#xFFFD;&#xFFFD;&#xFFFD;&#xFFFD;&#xFFFD;&#xFFFD; (0x12B)
[0615/203011:ERROR:process_reader_win.cc(232)] ReadMemory at 0x830000 of 64 bytes failed: &#xFFFD;&#xFFFD;&#xFFFD;&#xFFFD;&#xFFFD;&#x272;&#xFFFD;&#xFFFD;&#x5B5;&#xFFFD; ReadProcessMemory &#xFFFD;&#xFFFD; WriteProcessMemory &#xFFFD;&#xFFFD;&#xFFFD;&#xFFFD;&#xFFFD;&#xFFFD; (0x12B)
[0615/203011:WARNING:pe_image_reader.cc(280)] could not read dos header from C:\Program Files (x86)\Google\Chrome\Application\chrome.exe
[0615/203011:ERROR:process_reader_win.cc(232)] ReadMemory at 0x775e0000 of 64 bytes failed: &#xFFFD;&#xFFFD;&#xFFFD;&#xFFFD;&#xFFFD;&#x272;&#xFFFD;&#xFFFD;&#x5B5;&#xFFFD; ReadProcessMemory &#xFFFD;&#xFFFD; WriteProcessMemory &#xFFFD;&#xFFFD;&#xFFFD;&#xFFFD;&#xFFFD;&#xFFFD; (0x12B)
[0615/203011:WARNING:pe_image_reader.cc(280)] could not read dos header from C:\Windows\SYSTEM32\ntdll.dll
[0615/203011:ERROR:process_reader_win.cc(232)] ReadMemory at 0x77360000 of 64 bytes failed: &#xFFFD;&#xFFFD;&#xFFFD;&#xFFFD;&#xFFFD;&#x272;&#xFFFD;&#xFFFD;&#x5B5;&#xFFFD; ReadProcessMemory &#xFFFD;&#xFFFD; WriteProcessMemory &#xFFFD;&#xFFFD;&#xFFFD;&#xFFFD;&#xFFFD;&#xFFFD; (0x12B)
[0615/203011:WARNING:pe_image_reader.cc(280)] could not read dos header from C:\Windows\SYSTEM32\KERNELBASE.dll
[0615/203011:ERROR:process_reader_win.cc(232)] ReadMemory at 0x77020000 of 64 bytes failed: &#xFFFD;&#xFFFD;&#xFFFD;&#xFFFD;&#xFFFD;&#x272;&#xFFFD;&#xFFFD;&#x5B5;&#xFFFD; ReadProcessMemory &#xFFFD;&#xFFFD; WriteProcessMemory &#xFFFD;&#xFFFD;&#xFFFD;&#xFFFD;&#xFFFD;&#xFFFD; (0x12B)
[0615/203011:WARNING:pe_image_reader.cc(280)] could not read dos header from C:\Windows\SYSTEM32\KERNEL32.DLL
[0615/203011:ERROR:process_reader_win.cc(232)] ReadMemory at 0x77440000 of 64 bytes failed: &#xFFFD;&#xFFFD;&#xFFFD;&#xFFFD;&#xFFFD;&#x272;&#xFFFD;&#xFFFD;&#x5B5;&#xFFFD; ReadProcessMemory &#xFFFD;&#xFFFD; WriteProcessMemory &#xFFFD;&#xFFFD;&#xFFFD;&#xFFFD;&#xFFFD;&#xFFFD; (0x12B)
[0615/203011:WARNING:pe_image_reader.cc(280)] could not read dos header from C:\Windows\SYSTEM32\msvcrt.dll
[0615/203011:ERROR:process_reader_win.cc(232)] ReadMemory at 0x74d60000 of 64 bytes failed: &#xFFFD;&#xFFFD;&#xFFFD;&#xFFFD;&#xFFFD;&#x272;&#xFFFD;&#xFFFD;&#x5B5;&#xFFFD; ReadProcessMemory &#xFFFD;&#xFFFD; WriteProcessMemory &#xFFFD;&#xFFFD;&#xFFFD;&#xFFFD;&#xFFFD;&#xFFFD; (0x12B)
[0615/203011:WARNING:pe_image_reader.cc(280)] could not read dos header from C:\Windows\SYSTEM32\bcryptPrimitives.dll
[0615/203011:ERROR:process_reader_win.cc(232)] ReadMemory at 0x74dc0000 of 64 bytes failed: &#xFFFD;&#xFFFD;&#xFFFD;&#xFFFD;&#xFFFD;&#x272;&#xFFFD;&#xFFFD;&#x5B5;&#xFFFD; ReadProcessMemory &#xFFFD;&#xFFFD; WriteProcessMemory &#xFFFD;&#xFFFD;&#xFFFD;&#xFFFD;&#xFFFD;&#xFFFD; (0x12B)
[0615/203011:WARNING:pe_image_reader.cc(280)] could not read dos header from C:\Windows\SYSTEM32\CRYPTBASE.dll
[0615/203011:ERROR:process_reader_win.cc(232)] ReadMemory at 0x760c0000 of 64 bytes failed: &#xFFFD;&#xFFFD;&#xFFFD;&#xFFFD;&#xFFFD;&#x272;&#xFFFD;&#xFFFD;&#x5B5;&#xFFFD; ReadProcessMemory &#xFFFD;&#xFFFD; WriteProcessMemory &#xFFFD;&#xFFFD;&#xFFFD;&#xFFFD;&#xFFFD;&#xFFFD; (0x12B)
[0615/203011:WARNING:pe_image_reader.cc(280)] could not read dos header from C:\Windows\SYSTEM32\SspiCli.dll
[0615/203011:ERROR:process_reader_win.cc(232)] ReadMemory at 0x76250000 of 64 bytes failed: &#xFFFD;&#xFFFD;&#xFFFD;&#xFFFD;&#xFFFD;&#x272;&#xFFFD;&#xFFFD;&#x5B5;&#xFFFD; ReadProcessMemory &#xFFFD;&#xFFFD; WriteProcessMemory &#xFFFD;&#xFFFD;&#xFFFD;&#xFFFD;&#xFFFD;&#xFFFD; (0x12B)
[0615/203011:WARNING:pe_image_reader.cc(280)] could not read dos header from C:\Windows\SYSTEM32\RPCRT4.dll
[0615/203011:ERROR:process_reader_win.cc(232)] ReadMemory at 0x76ae0000 of 64 bytes failed: &#xFFFD;&#xFFFD;&#xFFFD;&#xFFFD;&#xFFFD;&#x272;&#xFFFD;&#xFFFD;&#x5B5;&#xFFFD; ReadProcessMemory &#xFFFD;&#xFFFD; WriteProcessMemory &#xFFFD;&#xFFFD;&#xFFFD;&#xFFFD;&#xFFFD;&#xFFFD; (0x12B)
[0615/203011:WARNING:pe_image_reader.cc(280)] could not read dos header from C:\Windows\SYSTEM32\sechost.dll
[0615/203011:ERROR:process_reader_win.cc(232)] ReadMemory at 0x76b40000 of 64 bytes failed: &#xFFFD;&#xFFFD;&#xFFFD;&#xFFFD;&#xFFFD;&#x272;&#xFFFD;&#xFFFD;&#x5B5;&#xFFFD; ReadProcessMemory &#xFFFD;&#xFFFD; WriteProcessMemory &#xFFFD;&#xFFFD;&#xFFFD;&#xFFFD;&#xFFFD;&#xFFFD; (0x12B)
[0615/203011:WARNING:pe_image_reader.cc(280)] could not read dos header from C:\Windows\SYSTEM32\ADVAPI32.dll
[0615/203011:ERROR:process_reader_win.cc(232)] ReadMemory at 0x69830000 of 64 bytes failed: &#xFFFD;&#xFFFD;&#xFFFD;&#xFFFD;&#xFFFD;&#x272;&#xFFFD;&#xFFFD;&#x5B5;&#xFFFD; ReadProcessMemory &#xFFFD;&#xFFFD; WriteProcessMemory &#xFFFD;&#xFFFD;&#xFFFD;&#xFFFD;&#xFFFD;&#xFFFD; (0x12B)
[0615/203011:WARNING:pe_image_reader.cc(280)] could not read dos header from C:\Program Files (x86)\Google\Chrome\Application\50.0.2661.94\chrome_elf.dll
[0615/203011:ERROR:process_reader_win.cc(232)] ReadMemory at 0x74d50000 of 64 bytes failed: &#xFFFD;&#xFFFD;&#xFFFD;&#xFFFD;&#xFFFD;&#x272;&#xFFFD;&#xFFFD;&#x5B5;&#xFFFD; ReadProcessMemory &#xFFFD;&#xFFFD; WriteProcessMemory &#xFFFD;&#xFFFD;&#xFFFD;&#xFFFD;&#xFFFD;&#xFFFD; (0x12B)
[0615/203011:WARNING:pe_image_reader.cc(280)] could not read dos header from C:\Windows\SYSTEM32\VERSION.dll
[0615/203011:ERROR:process_reader_win.cc(232)] ReadMemory at 0x76610000 of 64 bytes failed: &#xFFFD;&#xFFFD;&#xFFFD;&#xFFFD;&#xFFFD;&#x272;&#xFFFD;&#xFFFD;&#x5B5;&#xFFFD; ReadProcessMemory &#xFFFD;&#xFFFD; WriteProcessMemory &#xFFFD;&#xFFFD;&#xFFFD;&#xFFFD;&#xFFFD;&#xFFFD; (0x12B)
[0615/203011:WARNING:pe_image_reader.cc(280)] could not read dos header from C:\Windows\SYSTEM32\cfgmgr32.dll
[0615/203011:ERROR:process_reader_win.cc(232)] ReadMemory at 0x747d0000 of 64 bytes failed: &#xFFFD;&#xFFFD;&#xFFFD;&#xFFFD;&#xFFFD;&#x272;&#xFFFD;&#xFFFD;&#x5B5;&#xFFFD; ReadProcessMemory &#xFFFD;&#xFFFD; WriteProcessMemory &#xFFFD;&#xFFFD;&#xFFFD;&#xFFFD;&#xFFFD;&#xFFFD; (0x12B)
[0615/203011:WARNING:pe_image_reader.cc(280)] could not read dos header from C:\Windows\SYSTEM32\DEVOBJ.dll
[0615/203011:ERROR:process_reader_win.cc(232)] ReadMemory at 0x74800000 of 64 bytes failed: &#xFFFD;&#xFFFD;&#xFFFD;&#xFFFD;&#xFFFD;&#x272;&#xFFFD;&#xFFFD;&#x5B5;&#xFFFD; ReadProcessMemory &#xFFFD;&#xFFFD; WriteProcessMemory &#xFFFD;&#xFFFD;&#xFFFD;&#xFFFD;&#xFFFD;&#xFFFD; (0x12B)
[0615/203011:WARNING:pe_image_reader.cc(280)] could not read dos header from C:\Windows\SYSTEM32\WINMMBASE.dll
[0615/203011:ERROR:process_reader_win.cc(232)] ReadMemory at 0x76f00000 of 64 bytes failed: &#xFFFD;&#xFFFD;&#xFFFD;&#xFFFD;&#xFFFD;&#x272;&#xFFFD;&#xFFFD;&#x5B5;&#xFFFD; ReadProcessMemory &#xFFFD;&#xFFFD; WriteProcessMemory &#xFFFD;&#xFFFD;&#xFFFD;&#xFFFD;&#xFFFD;&#xFFFD; (0x12B)
[0615/203011:WARNING:pe_image_reader.cc(280)] could not read dos header from C:\Windows\SYSTEM32\GDI32.dll
[0615/203011:ERROR:process_reader_win.cc(232)] ReadMemory at 0x771a0000 of 64 bytes failed: &#xFFFD;&#xFFFD;&#xFFFD;&#xFFFD;&#xFFFD;&#x272;&#xFFFD;&#xFFFD;&#x5B5;&#xFFFD; ReadProcessMemory &#xFFFD;&#xFFFD; WriteProcessMemory &#xFFFD;&#xFFFD;&#xFFFD;&#xFFFD;&#xFFFD;&#xFFFD; (0x12B)
[0615/203011:WARNING:pe_image_reader.cc(280)] could not read dos header from C:\Windows\SYSTEM32\USER32.dll
[0615/203011:ERROR:process_reader_win.cc(232)] ReadMemory at 0x76360000 of 64 bytes failed: &#xFFFD;&#xFFFD;&#xFFFD;&#xFFFD;&#xFFFD;&#x272;&#xFFFD;&#xFFFD;&#x5B5;&#xFFFD; ReadProcessMemory &#xFFFD;&#xFFFD; WriteProcessMemory &#xFFFD;&#xFFFD;&#xFFFD;&#xFFFD;&#xFFFD;&#xFFFD; (0x12B)
[0615/203011:WARNING:pe_image_reader.cc(280)] could not read dos header from C:\Windows\SYSTEM32\MSCTF.dll
[0615/203011:ERROR:process_reader_win.cc(232)] ReadMemory at 0x76090000 of 64 bytes failed: &#xFFFD;&#xFFFD;&#xFFFD;&#xFFFD;&#xFFFD;&#x272;&#xFFFD;&#xFFFD;&#x5B5;&#xFFFD; ReadProcessMemory &#xFFFD;&#xFFFD; WriteProcessMemory &#xFFFD;&#xFFFD;&#xFFFD;&#xFFFD;&#xFFFD;&#xFFFD; (0x12B)
[0615/203011:WARNING:pe_image_reader.cc(280)] could not read dos header from C:\Windows\system32\IMM32.DLL
[0615/203011:ERROR:process_reader_win.cc(232)] ReadMemory at 0x74830000 of 64 bytes failed: &#xFFFD;&#xFFFD;&#xFFFD;&#xFFFD;&#xFFFD;&#x272;&#xFFFD;&#xFFFD;&#x5B5;&#xFFFD; ReadProcessMemory &#xFFFD;&#xFFFD; WriteProcessMemory &#xFFFD;&#xFFFD;&#xFFFD;&#xFFFD;&#xFFFD;&#xFFFD; (0x12B)
[0615/203011:WARNING:pe_image_reader.cc(280)] could not read dos header from C:\Windows\SYSTEM32\WINMM.dll
[0615/203011:ERROR:process_reader_win.cc(232)] ReadMemory at 0x74d10000 of 64 bytes failed: &#xFFFD;&#xFFFD;&#xFFFD;&#xFFFD;&#xFFFD;&#x272;&#xFFFD;&#xFFFD;&#x5B5;&#xFFFD; ReadProcessMemory &#xFFFD;&#xFFFD; WriteProcessMemory &#xFFFD;&#xFFFD;&#xFFFD;&#xFFFD;&#xFFFD;&#xFFFD; (0x12B)
[0615/203011:WARNING:pe_image_reader.cc(280)] could not read dos header from C:\Windows\SYSTEM32\profapi.dll
[0615/203011:ERROR:process_reader_win.cc(232)] ReadMemory at 0x74d20000 of 64 bytes failed: &#xFFFD;&#xFFFD;&#xFFFD;&#xFFFD;&#xFFFD;&#x272;&#xFFFD;&#xFFFD;&#x5B5;&#xFFFD; ReadProcessMemory &#xFFFD;&#xFFFD; WriteProcessMemory &#xFFFD;&#xFFFD;&#xFFFD;&#xFFFD;&#xFFFD;&#xFFFD; (0x12B)
[0615/203011:WARNING:pe_image_reader.cc(280)] could not read dos header from C:\Windows\SYSTEM32\USERENV.dll
[0615/203011:ERROR:process_reader_win.cc(232)] ReadMemory at 0x74d40000 of 64 bytes failed: &#xFFFD;&#xFFFD;&#xFFFD;&#xFFFD;&#xFFFD;&#x272;&#xFFFD;&#xFFFD;&#x5B5;&#xFFFD; ReadProcessMemory &#xFFFD;&#xFFFD; WriteProcessMemory &#xFFFD;&#xFFFD;&#xFFFD;&#xFFFD;&#xFFFD;&#xFFFD; (0x12B)
[0615/203011:WARNING:pe_image_reader.cc(280)] could not read dos header from C:\Windows\SYSTEM32\WTSAPI32.dll
[0615/203011:ERROR:process_reader_win.cc(232)] ReadMemory at 0x76960000 of 64 bytes failed: &#xFFFD;&#xFFFD;&#xFFFD;&#xFFFD;&#xFFFD;&#x272;&#xFFFD;&#xFFFD;&#x5B5;&#xFFFD; ReadProcessMemory &#xFFFD;&#xFFFD; WriteProcessMemory &#xFFFD;&#xFFFD;&#xFFFD;&#xFFFD;&#xFFFD;&#xFFFD; (0x12B)
[0615/203011:WARNING:pe_image_reader.cc(280)] could not read dos header from C:\Windows\SYSTEM32\combase.dll
[0615/203011:ERROR:process_reader_win.cc(232)] ReadMemory at 0x72ce0000 of 64 bytes failed: &#xFFFD;&#xFFFD;&#xFFFD;&#xFFFD;&#xFFFD;&#x272;&#xFFFD;&#xFFFD;&#x5B5;&#xFFFD; ReadProcessMemory &#xFFFD;&#xFFFD; WriteProcessMemory &#xFFFD;&#xFFFD;&#xFFFD;&#xFFFD;&#xFFFD;&#xFFFD; (0x12B)
[0615/203011:WARNING:pe_image_reader.cc(280)] could not read dos header from C:\Windows\SYSTEM32\WINHTTP.dll
[0615/203011:ERROR:process_reader_win.cc(232)] ReadMemory at 0x76310000 of 64 bytes failed: &#xFFFD;&#xFFFD;&#xFFFD;&#xFFFD;&#xFFFD;&#x272;&#xFFFD;&#xFFFD;&#x5B5;&#xFFFD; ReadProcessMemory &#xFFFD;&#xFFFD; WriteProcessMemory &#xFFFD;&#xFFFD;&#xFFFD;&#xFFFD;&#xFFFD;&#xFFFD; (0x12B)
[0615/203011:WARNING:pe_image_reader.cc(280)] could not read dos header from C:\Windows\SYSTEM32\SHLWAPI.dll
[0615/203011:ERROR:process_reader_win.cc(232)] ReadMemory at 0x74dd0000 of 64 bytes failed: &#xFFFD;&#xFFFD;&#xFFFD;&#xFFFD;&#xFFFD;&#x272;&#xFFFD;&#xFFFD;&#x5B5;&#xFFFD; ReadProcessMemory &#xFFFD;&#xFFFD; WriteProcessMemory &#xFFFD;&#xFFFD;&#xFFFD;&#xFFFD;&#xFFFD;&#xFFFD; (0x12B)
[0615/203011:WARNING:pe_image_reader.cc(280)] could not read dos header from C:\Windows\SYSTEM32\SHELL32.dll
[0615/203011:ERROR:process_reader_win.cc(232)] ReadMemory at 0x76650000 of 64 bytes failed: &#xFFFD;&#xFFFD;&#xFFFD;&#xFFFD;&#xFFFD;&#x272;&#xFFFD;&#xFFFD;&#x5B5;&#xFFFD; ReadProcessMemory &#xFFFD;&#xFFFD; WriteProcessMemory &#xFFFD;&#xFFFD;&#xFFFD;&#xFFFD;&#xFFFD;&#xFFFD; (0x12B)
[0615/203011:WARNING:pe_image_reader.cc(280)] could not read dos header from C:\Windows\SYSTEM32\ole32.dll
[0615/203011:ERROR:process_reader_win.cc(232)] ReadMemory at 0x76bc0000 of 64 bytes failed: &#xFFFD;&#xFFFD;&#xFFFD;&#xFFFD;&#xFFFD;&#x272;&#xFFFD;&#xFFFD;&#x5B5;&#xFFFD; ReadProcessMemory &#xFFFD;&#xFFFD; WriteProcessMemory &#xFFFD;&#xFFFD;&#xFFFD;&#xFFFD;&#xFFFD;&#xFFFD; (0x12B)
[0615/203011:WARNING:pe_image_reader.cc(280)] could not read dos header from C:\Windows\SYSTEM32\OLEAUT32.dll
[0615/203011:ERROR:process_reader_win.cc(232)] ReadMemory at 0x76130000 of 64 bytes failed: &#xFFFD;&#xFFFD;&#xFFFD;&#xFFFD;&#xFFFD;&#x272;&#xFFFD;&#xFFFD;&#x5B5;&#xFFFD; ReadProcessMemory &#xFFFD;&#xFFFD; WriteProcessMemory &#xFFFD;&#xFFFD;&#xFFFD;&#xFFFD;&#xFFFD;&#xFFFD; (0x12B)
[0615/203011:WARNING:pe_image_reader.cc(280)] could not read dos header from C:\Windows\SYSTEM32\PSAPI.DLL
[0615/203011:ERROR:process_reader_win.cc(232)] ReadMemory at 0x76140000 of 64 bytes failed: &#xFFFD;&#xFFFD;&#xFFFD;&#xFFFD;&#xFFFD;&#x272;&#xFFFD;&#xFFFD;&#x5B5;&#xFFFD; ReadProcessMemory &#xFFFD;&#xFFFD; WriteProcessMemory &#xFFFD;&#xFFFD;&#xFFFD;&#xFFFD;&#xFFFD;&#xFFFD; (0x12B)
[0615/203011:WARNING:pe_image_reader.cc(280)] could not read dos header from C:\Windows\SYSTEM32\NSI.dll
[0615/203011:ERROR:process_reader_win.cc(232)] ReadMemory at 0x760e0000 of 64 bytes failed: &#xFFFD;&#xFFFD;&#xFFFD;&#xFFFD;&#xFFFD;&#x272;&#xFFFD;&#xFFFD;&#x5B5;&#xFFFD; ReadProcessMemory &#xFFFD;&#xFFFD; WriteProcessMemory &#xFFFD;&#xFFFD;&#xFFFD;&#xFFFD;&#xFFFD;&#xFFFD; (0x12B)
[0615/203011:WARNING:pe_image_reader.cc(280)] could not read dos header from C:\Windows\SYSTEM32\WS2_32.dll
[0615/203011:ERROR:process_reader_win.cc(232)] ReadMemory at 0x74bf0000 of 64 bytes failed: &#xFFFD;&#xFFFD;&#xFFFD;&#xFFFD;&#xFFFD;&#x272;&#xFFFD;&#xFFFD;&#x5B5;&#xFFFD; ReadProcessMemory &#xFFFD;&#xFFFD; WriteProcessMemory &#xFFFD;&#xFFFD;&#xFFFD;&#xFFFD;&#xFFFD;&#xFFFD; (0x12B)
[0615/203011:WARNING:pe_image_reader.cc(280)] could not read dos header from C:\Windows\SYSTEM32\netutils.dll
[0615/203011:ERROR:process_reader_win.cc(232)] ReadMemory at 0x74bd0000 of 64 bytes failed: &#xFFFD;&#xFFFD;&#xFFFD;&#xFFFD;&#xFFFD;&#x272;&#xFFFD;&#xFFFD;&#x5B5;&#xFFFD; ReadProcessMemory &#xFFFD;&#xFFFD; WriteProcessMemory &#xFFFD;&#xFFFD;&#xFFFD;&#xFFFD;&#xFFFD;&#xFFFD; (0x12B)
[0615/203011:WARNING:pe_image_reader.cc(280)] could not read dos header from C:\Windows\SYSTEM32\srvcli.dll
[0615/203011:ERROR:process_reader_win.cc(232)] ReadMemory at 0x74bb0000 of 64 bytes failed: &#xFFFD;&#xFFFD;&#xFFFD;&#xFFFD;&#xFFFD;&#x272;&#xFFFD;&#xFFFD;&#x5B5;&#xFFFD; ReadProcessMemory &#xFFFD;&#xFFFD; WriteProcessMemory &#xFFFD;&#xFFFD;&#xFFFD;&#xFFFD;&#xFFFD;&#xFFFD; (0x12B)
[0615/203011:WARNING:pe_image_reader.cc(280)] could not read dos header from C:\Windows\SYSTEM32\wkscli.dll
[0615/203011:ERROR:process_reader_win.cc(232)] ReadMemory at 0x74c00000 of 64 bytes failed: &#xFFFD;&#xFFFD;&#xFFFD;&#xFFFD;&#xFFFD;&#x272;&#xFFFD;&#xFFFD;&#x5B5;&#xFFFD; ReadProcessMemory &#xFFFD;&#xFFFD; WriteProcessMemory &#xFFFD;&#xFFFD;&#xFFFD;&#xFFFD;&#xFFFD;&#xFFFD; (0x12B)
[0615/203011:WARNING:pe_image_reader.cc(280)] could not read dos header from C:\Windows\SYSTEM32\NETAPI32.dll
[0615/203011:ERROR:process_reader_win.cc(232)] ReadMemory at 0x70360000 of 64 bytes failed: &#xFFFD;&#xFFFD;&#xFFFD;&#xFFFD;&#xFFFD;&#x272;&#xFFFD;&#xFFFD;&#x5B5;&#xFFFD; ReadProcessMemory &#xFFFD;&#xFFFD; WriteProcessMemory &#xFFFD;&#xFFFD;&#xFFFD;&#xFFFD;&#xFFFD;&#xFFFD; (0x12B)
[0615/203011:WARNING:pe_image_reader.cc(280)] could not read dos header from C:\Program Files (x86)\360\360Safe\safemon\safemon.dll
[0615/203011:ERROR:process_reader_win.cc(232)] ReadMemory at 0x74b20000 of 64 bytes failed: &#xFFFD;&#xFFFD;&#xFFFD;&#xFFFD;&#xFFFD;&#x272;&#xFFFD;&#xFFFD;&#x5B5;&#xFFFD; ReadProcessMemory &#xFFFD;&#xFFFD; WriteProcessMemory &#xFFFD;&#xFFFD;&#xFFFD;&#xFFFD;&#xFFFD;&#xFFFD; (0x12B)
[0615/203011:WARNING:pe_image_reader.cc(280)] could not read dos header from C:\Windows\SYSTEM32\shcore.dll
[0615/203011:ERROR:process_reader_win.cc(232)] ReadMemory at 0x6a330000 of 64 bytes failed: &#xFFFD;&#xFFFD;&#xFFFD;&#xFFFD;&#xFFFD;&#x272;&#xFFFD;&#xFFFD;&#x5B5;&#xFFFD; ReadProcessMemory &#xFFFD;&#xFFFD; WriteProcessMemory &#xFFFD;&#xFFFD;&#xFFFD;&#xFFFD;&#xFFFD;&#xFFFD; (0x12B)
[0615/203011:WARNING:pe_image_reader.cc(280)] could not read dos header from C:\Program Files (x86)\360\360Safe\safemon\iNetSafe.dll
[0615/203011:ERROR:process_reader_win.cc(232)] ReadMemory at 0x6b760000 of 64 bytes failed: &#xFFFD;&#xFFFD;&#xFFFD;&#xFFFD;&#xFFFD;&#x272;&#xFFFD;&#xFFFD;&#x5B5;&#xFFFD; ReadProcessMemory &#xFFFD;&#xFFFD; WriteProcessMemory &#xFFFD;&#xFFFD;&#xFFFD;&#xFFFD;&#xFFFD;&#xFFFD; (0x12B)
[0615/203011:WARNING:pe_image_reader.cc(280)] could not read dos header from C:\Windows\SYSTEM32\OLEACC.dll
[0615/203011:ERROR:process_reader_win.cc(232)] ReadMemory at 0x10000000 of 64 bytes failed: &#xFFFD;&#xFFFD;&#xFFFD;&#xFFFD;&#xFFFD;&#x272;&#xFFFD;&#xFFFD;&#x5B5;&#xFFFD; ReadProcessMemory &#xFFFD;&#xFFFD; WriteProcessMemory &#xFFFD;&#xFFFD;&#xFFFD;&#xFFFD;&#xFFFD;&#xFFFD; (0x12B)
[0615/203011:WARNING:pe_image_reader.cc(280)] could not read dos header from d:\kinggsoft\kdu_bba\sp5\ks3rdhmpg.dll
[0615/203011:ERROR:process_reader_win.cc(232)] ReadMemory at 0x6ccd0000 of 64 bytes failed: &#xFFFD;&#xFFFD;&#xFFFD;&#xFFFD;&#xFFFD;&#x272;&#xFFFD;&#xFFFD;&#x5B5;&#xFFFD; ReadProcessMemory &#xFFFD;&#xFFFD; WriteProcessMemory &#xFFFD;&#xFFFD;&#xFFFD;&#xFFFD;&#xFFFD;&#xFFFD; (0x12B)
[0615/203011:WARNING:pe_image_reader.cc(280)] could not read dos header from C:\Program Files (x86)\360\360Safe\360verify.dll
[0615/203011:ERROR:process_reader_win.cc(232)] ReadMemory at 0x72c70000 of 64 bytes failed: &#xFFFD;&#xFFFD;&#xFFFD;&#xFFFD;&#xFFFD;&#x272;&#xFFFD;&#xFFFD;&#x5B5;&#xFFFD; ReadProcessMemory &#xFFFD;&#xFFFD; WriteProcessMemory &#xFFFD;&#xFFFD;&#xFFFD;&#xFFFD;&#xFFFD;&#xFFFD; (0x12B)
[0615/203011:WARNING:pe_image_reader.cc(280)] could not read dos header from C:\Windows\SYSTEM32\WINSPOOL.DRV
[0615/203011:ERROR:process_reader_win.cc(232)] ReadMemory at 0x72a60000 of 64 bytes failed: &#xFFFD;&#xFFFD;&#xFFFD;&#xFFFD;&#xFFFD;&#x272;&#xFFFD;&#xFFFD;&#x5B5;&#xFFFD; ReadProcessMemory &#xFFFD;&#xFFFD; WriteProcessMemory &#xFFFD;&#xFFFD;&#xFFFD;&#xFFFD;&#xFFFD;&#xFFFD; (0x12B)
[0615/203011:WARNING:pe_image_reader.cc(280)] could not read dos header from C:\Windows\WinSxS\x86_microsoft.windows.common-controls_6595b64144ccf1df_6.0.9600.18006_none_a9ec6aab013aafee\COMCTL32.dll
[0615/203011:ERROR:process_reader_win.cc(232)] ReadMemory at 0x761b0000 of 64 bytes failed: &#xFFFD;&#xFFFD;&#xFFFD;&#xFFFD;&#xFFFD;&#x272;&#xFFFD;&#xFFFD;&#x5B5;&#xFFFD; ReadProcessMemory &#xFFFD;&#xFFFD; WriteProcessMemory &#xFFFD;&#xFFFD;&#xFFFD;&#xFFFD;&#xFFFD;&#xFFFD; (0x12B)
[0615/203011:WARNING:pe_image_reader.cc(280)] could not read dos header from C:\Windows\SYSTEM32\COMDLG32.dll
[0615/203011:ERROR:process_reader_win.cc(232)] ReadMemory at 0x74a50000 of 64 bytes failed: &#xFFFD;&#xFFFD;&#xFFFD;&#xFFFD;&#xFFFD;&#x272;&#xFFFD;&#xFFFD;&#x5B5;&#xFFFD; ReadProcessMemory &#xFFFD;&#xFFFD; WriteProcessMemory &#xFFFD;&#xFFFD;&#xFFFD;&#xFFFD;&#xFFFD;&#xFFFD; (0x12B)
[0615/203011:WARNING:pe_image_reader.cc(280)] could not read dos header from C:\Windows\SYSTEM32\WINNSI.DLL
[0615/203011:ERROR:process_reader_win.cc(232)] ReadMemory at 0x74a60000 of 64 bytes failed: &#xFFFD;&#xFFFD;&#xFFFD;&#xFFFD;&#xFFFD;&#x272;&#xFFFD;&#xFFFD;&#x5B5;&#xFFFD; ReadProcessMemory &#xFFFD;&#xFFFD; WriteProcessMemory &#xFFFD;&#xFFFD;&#xFFFD;&#xFFFD;&#xFFFD;&#xFFFD; (0x12B)
[0615/203011:WARNING:pe_image_reader.cc(280)] could not read dos header from C:\Windows\SYSTEM32\IPHLPAPI.DLL
[0615/203011:ERROR:process_reader_win.cc(232)] ReadMemory at 0x6e020000 of 64 bytes failed: &#xFFFD;&#xFFFD;&#xFFFD;&#xFFFD;&#xFFFD;&#x272;&#xFFFD;&#xFFFD;&#x5B5;&#xFFFD; ReadProcessMemory &#xFFFD;&#xFFFD; WriteProcessMemory &#xFFFD;&#xFFFD;&#xFFFD;&#xFFFD;&#xFFFD;&#xFFFD; (0x12B)
[0615/203011:WARNING:pe_image_reader.cc(280)] could not read dos header from C:\Windows\SYSTEM32\USP10.dll
[0615/203011:ERROR:process_reader_win.cc(232)] ReadMemory at 0x76b30000 of 64 bytes failed: &#xFFFD;&#xFFFD;&#xFFFD;&#xFFFD;&#xFFFD;&#x272;&#xFFFD;&#xFFFD;&#x5B5;&#xFFFD; ReadProcessMemory &#xFFFD;&#xFFFD; WriteProcessMemory &#xFFFD;&#xFFFD;&#xFFFD;&#xFFFD;&#xFFFD;&#xFFFD; (0x12B)
[0615/203011:WARNING:pe_image_reader.cc(280)] could not read dos header from C:\Windows\SYSTEM32\MSASN1.dll
[0615/203011:ERROR:process_reader_win.cc(232)] ReadMemory at 0x76480000 of 64 bytes failed: &#xFFFD;&#xFFFD;&#xFFFD;&#xFFFD;&#xFFFD;&#x272;&#xFFFD;&#xFFFD;&#x5B5;&#xFFFD; ReadProcessMemory &#xFFFD;&#xFFFD; WriteProcessMemory &#xFFFD;&#xFFFD;&#xFFFD;&#xFFFD;&#xFFFD;&#xFFFD; (0x12B)
[0615/203011:WARNING:pe_image_reader.cc(280)] could not read dos header from C:\Windows\SYSTEM32\CRYPT32.dll
[0615/203011:ERROR:process_reader_win.cc(232)] ReadMemory at 0x77160000 of 64 bytes failed: &#xFFFD;&#xFFFD;&#xFFFD;&#xFFFD;&#xFFFD;&#x272;&#xFFFD;&#xFFFD;&#x5B5;&#xFFFD; ReadProcessMemory &#xFFFD;&#xFFFD; WriteProcessMemory &#xFFFD;&#xFFFD;&#xFFFD;&#xFFFD;&#xFFFD;&#xFFFD; (0x12B)
[0615/203011:WARNING:pe_image_reader.cc(280)] could not read dos header from C:\Windows\SYSTEM32\WINTRUST.dll
[0615/203011:ERROR:process_reader_win.cc(232)] ReadMemory at 0x74780000 of 64 bytes failed: &#xFFFD;&#xFFFD;&#xFFFD;&#xFFFD;&#xFFFD;&#x272;&#xFFFD;&#xFFFD;&#x5B5;&#xFFFD; ReadProcessMemory &#xFFFD;&#xFFFD; WriteProcessMemory &#xFFFD;&#xFFFD;&#xFFFD;&#xFFFD;&#xFFFD;&#xFFFD; (0x12B)
[0615/203011:WARNING:pe_image_reader.cc(280)] could not read dos header from C:\Windows\SYSTEM32\Secur32.dll
[0615/203011:ERROR:process_reader_win.cc(232)] ReadMemory at 0x51970000 of 64 bytes failed: &#xFFFD;&#xFFFD;&#xFFFD;&#xFFFD;&#xFFFD;&#x272;&#xFFFD;&#xFFFD;&#x5B5;&#xFFFD; ReadProcessMemory &#xFFFD;&#xFFFD; WriteProcessMemory &#xFFFD;&#xFFFD;&#xFFFD;&#xFFFD;&#xFFFD;&#xFFFD; (0x12B)
[0615/203011:WARNING:pe_image_reader.cc(280)] could not read dos header from C:\Program Files (x86)\Google\Chrome\Application\50.0.2661.94\chrome_child.dll
[0615/203011:ERROR:process_reader_win.cc(232)] ReadMemory at 0x6a370000 of 64 bytes failed: &#xFFFD;&#xFFFD;&#xFFFD;&#xFFFD;&#xFFFD;&#x272;&#xFFFD;&#xFFFD;&#x5B5;&#xFFFD; ReadProcessMemory &#xFFFD;&#xFFFD; WriteProcessMemory &#xFFFD;&#xFFFD;&#xFFFD;&#xFFFD;&#xFFFD;&#xFFFD; (0x12B)
[0615/203011:WARNING:pe_image_reader.cc(280)] could not read dos header from C:\Windows\SYSTEM32\dwrite.dll
[0615/203011:ERROR:process_reader_win.cc(98)] process 7488 not found
[0615/203011:ERROR:process_reader_win.cc(232)] ReadMemory at 0x8dd1b4 of 12 bytes failed: &#xFFFD;&#xFFFD;&#xFFFD;&#xFFFD;&#xFFFD;&#x272;&#xFFFD;&#xFFFD;&#x5B5;&#xFFFD; ReadProcessMemory &#xFFFD;&#xFFFD; WriteProcessMemory &#xFFFD;&#xFFFD;&#xFFFD;&#xFFFD;&#xFFFD;&#xFFFD; (0x12B)
[0615/203011:WARNING:process_snapshot_win.cc(96)] ReadMemory ExceptionInformation failed
[0615/203011:WARNING:crash_report_exception_handler.cc(60)] ProcessSnapshotWin::InitializeException failed
[0615/203011:ERROR:scoped_process_suspend.cc(38)] NtResumeProcess, ntstatus=-1073741558
[0615/203158:ERROR:process_info.cc(608)] range at 0xfec39000, size 0x230 fully unreadable
[0615/203158:ERROR:process_info.cc(608)] range at 0xfec3f000, size 0xf84 fully unreadable
[0615/212001:ERROR:process_info.cc(608)] range at 0xfede6000, size 0x230 fully unreadable
[0615/212001:ERROR:process_info.cc(608)] range at 0xfe228000, size 0x230 fully unreadable
[0615/212001:ERROR:process_info.cc(608)] range at 0xfedef000, size 0xf84 fully unreadable
[0616/212011:ERROR:process_info.cc(608)] range at 0xff02f000, size 0x230 fully unreadable
[0616/212011:ERROR:process_info.cc(608)] range at 0xff02e000, size 0xf84 fully unreadable</p>

        <div class="copyright">Powered by <a href="https://github.com/jaywcjlove/idoc" target="_blank">idoc</a>. Dependence <a href="https://nodejs.org">Node.js</a> run.</div>
    </div>

</div>

<style>
    .page-toc{
        overflow: hidden;
        position:fixed;
        left:50%;
        margin-left:250px;
	width:350px
    }
    .page-toc > ul li{
        list-style-position: inside;
	line-height:120%
    }
    .page-toc > ul{
        transition: all 0.2s;
        position: relative;
    }
    .page-toc > ul a {
	color:#009a61;
	font-size:110% ! important;
	line-height:120%
    }
    .page-toc > ul .red{
        background: #f3f3f3;
        z-index: 1;
        border-left: 3px solid #009a61;
        -webkit-transition: all .2s ease;
        transition: all .2s ease;
	color:#000
    }

    .markdown-body{
	font-size: 120% ! important;
        max-width:800px;
    }
    .container{
       font-size: 110% ! important;
    }
    html,body,.container{
      font-family: Helvetica Neue,Helvetica,Arial,PingFang SC,Hiragino Sans GB,WenQuanYi Micro Hei,Microsoft Yahei,sans-serif ! important;
    }
    .markdown-body pre code{
        font-size: 20px;
        line-height: 24px;
    }
</style>
<script src="https://cdn.bootcss.com/jquery/3.0.0/jquery.js"></script>
<script>

var bar = $(window).height() - $('.navbar ').height() - $('.page-toc').position().top;
var count =  bar/26/2;
var barHeight = $('.page-toc').outerHeight();
$('.page-toc li').eq(0).children('a').addClass('red');
var arr = [];
$("h2,h3").each(function () {
    arr.push($(this).position().top);
});
if(!($(window).height()-50 > barHeight)){
    var flagTop = true;
}
function dark(){
    var top =  Math.abs($('.page-toc > ul').position().top);
    var cur = $(document).scrollTop();
    for(var i = arr.length; i >=0;i--){
        if(arr[i]<=cur){
            break;
        }
    }
    if(i===-1){
        i = 0;
    }
    $('.page-toc li a').removeClass('red');
    $('.page-toc li').eq(i).children('a').addClass('red');
    if(flagTop){
      if(i> arr.length-count){
          $(' .page-toc > ul').css('top',-(barHeight-bar));
          return;
      }
      if(i>count){
          $(' .page-toc > ul').css('top',-26*(i-count));
      }else{
          $(' .page-toc > ul').css('top',0);
      }
    }
}
$(window).on('scroll',dark);
</script>
</body>
</html>
